TN:
SF:D:\Workarea\tangle-frost\iota-core\src\index.ts
FNF:0
FNH:0
LF:0
LH:0
BRF:0
BRH:0
end_of_record
TN:
SF:D:\Workarea\tangle-frost\iota-core\src\data\color.ts
FN:24,(anonymous_0)
FN:49,(anonymous_1)
FN:88,(anonymous_2)
FN:96,(anonymous_3)
FN:104,(anonymous_4)
FN:112,(anonymous_5)
FN:120,(anonymous_6)
FN:128,(anonymous_7)
FN:136,(anonymous_8)
FN:147,(anonymous_9)
FNF:10
FNH:10
FNDA:17,(anonymous_0)
FNDA:14,(anonymous_1)
FNDA:7,(anonymous_2)
FNDA:7,(anonymous_3)
FNDA:7,(anonymous_4)
FNDA:7,(anonymous_5)
FNDA:1,(anonymous_6)
FNDA:1,(anonymous_7)
FNDA:1,(anonymous_8)
FNDA:1,(anonymous_9)
DA:1,1
DA:2,1
DA:7,1
DA:25,17
DA:26,2
DA:28,15
DA:29,2
DA:31,13
DA:32,2
DA:34,11
DA:35,2
DA:38,9
DA:39,9
DA:40,9
DA:41,9
DA:50,14
DA:51,1
DA:58,13
DA:59,1
DA:60,1
DA:61,1
DA:62,1
DA:63,12
DA:64,1
DA:65,1
DA:66,1
DA:67,1
DA:68,11
DA:69,1
DA:70,1
DA:71,1
DA:72,1
DA:73,10
DA:74,5
DA:75,5
DA:76,5
DA:77,5
DA:79,5
DA:81,8
DA:89,7
DA:97,7
DA:105,7
DA:113,7
DA:121,1
DA:129,1
DA:137,1
DA:138,1
DA:139,1
DA:140,1
DA:148,1
DA:149,1
DA:150,1
DA:151,1
DA:152,1
LF:54
LH:54
BRDA:25,0,0,2
BRDA:25,0,1,15
BRDA:25,1,0,17
BRDA:25,1,1,17
BRDA:25,1,2,16
BRDA:28,2,0,2
BRDA:28,2,1,13
BRDA:28,3,0,15
BRDA:28,3,1,15
BRDA:28,3,2,14
BRDA:31,4,0,2
BRDA:31,4,1,11
BRDA:31,5,0,13
BRDA:31,5,1,13
BRDA:31,5,2,12
BRDA:34,6,0,2
BRDA:34,6,1,9
BRDA:34,7,0,11
BRDA:34,7,1,11
BRDA:34,7,2,10
BRDA:50,8,0,1
BRDA:50,8,1,13
BRDA:58,9,0,1
BRDA:58,9,1,12
BRDA:63,10,0,1
BRDA:63,10,1,11
BRDA:68,11,0,1
BRDA:68,11,1,10
BRDA:73,12,0,5
BRDA:73,12,1,5
BRF:30
BRH:30
end_of_record
TN:
SF:D:\Workarea\tangle-frost\iota-core\src\factories\factoryBase.ts
FN:5,(anonymous_0)
FN:14,(anonymous_1)
FN:22,(anonymous_2)
FN:31,(anonymous_3)
FN:40,(anonymous_4)
FN:50,(anonymous_5)
FNF:6
FNH:6
FNDA:10,(anonymous_0)
FNDA:7,(anonymous_1)
FNDA:4,(anonymous_2)
FNDA:8,(anonymous_3)
FNDA:2,(anonymous_4)
FNDA:3,(anonymous_5)
DA:5,1
DA:7,10
DA:15,7
DA:23,4
DA:32,8
DA:41,2
DA:51,3
DA:52,3
DA:53,2
DA:55,1
LF:10
LH:10
BRDA:52,0,0,2
BRDA:52,0,1,1
BRF:2
BRH:2
end_of_record
TN:
SF:D:\Workarea\tangle-frost\iota-core\src\helpers\arrayHelper.ts
FN:12,(anonymous_0)
FN:22,(anonymous_1)
FN:32,(anonymous_2)
FN:36,(anonymous_3)
FNF:4
FNH:4
FNDA:18,(anonymous_0)
FNDA:9,(anonymous_1)
FNDA:6,(anonymous_2)
FNDA:5,(anonymous_3)
DA:1,1
DA:6,1
DA:13,18
DA:23,9
DA:33,6
DA:36,5
LF:6
LH:6
BRDA:14,0,0,2
BRDA:14,0,1,16
BRDA:13,1,0,18
BRDA:13,1,1,17
BRDA:23,2,0,9
BRDA:23,2,1,9
BRDA:33,3,0,6
BRDA:33,3,1,5
BRDA:33,3,2,3
BRDA:33,3,3,3
BRF:10
BRH:10
end_of_record
TN:
SF:D:\Workarea\tangle-frost\iota-core\src\helpers\numberHelper.ts
FN:10,(anonymous_0)
FN:19,(anonymous_1)
FNF:2
FNH:2
FNDA:67,(anonymous_0)
FNDA:11,(anonymous_1)
DA:4,1
DA:11,67
DA:20,11
LF:3
LH:3
BRDA:11,0,0,67
BRDA:11,0,1,57
BRDA:11,0,2,57
BRDA:20,1,0,11
BRDA:20,1,1,10
BRDA:20,1,2,9
BRDA:20,1,3,4
BRDA:20,1,4,3
BRF:8
BRH:8
end_of_record
TN:
SF:D:\Workarea\tangle-frost\iota-core\src\helpers\objectHelper.ts
FN:10,(anonymous_0)
FN:19,(anonymous_1)
FN:30,(anonymous_2)
FN:40,(anonymous_3)
FNF:4
FNH:4
FNDA:5,(anonymous_0)
FNDA:11,(anonymous_1)
FNDA:10,(anonymous_2)
FNDA:28,(anonymous_3)
DA:4,1
DA:11,5
DA:20,11
DA:31,10
DA:32,10
DA:41,28
DA:42,4
DA:44,24
DA:45,24
DA:46,24
LF:10
LH:10
BRDA:11,0,0,5
BRDA:11,0,1,4
BRDA:21,1,0,2
BRDA:21,1,1,9
BRDA:20,2,0,11
BRDA:20,2,1,10
BRDA:21,3,0,9
BRDA:21,3,1,5
BRDA:32,4,0,10
BRDA:32,4,1,8
BRDA:41,5,0,4
BRDA:41,5,1,24
BRDA:41,6,0,28
BRDA:41,6,1,26
BRDA:44,7,0,9
BRDA:44,7,1,15
BRDA:46,8,0,23
BRDA:46,8,1,1
BRDA:46,9,0,24
BRDA:46,9,1,24
BRF:20
BRH:20
end_of_record
TN:
SF:D:\Workarea\tangle-frost\iota-core\src\helpers\stringHelper.ts
FN:10,(anonymous_0)
FN:20,(anonymous_1)
FN:29,(anonymous_2)
FN:39,(anonymous_3)
FN:40,(anonymous_4)
FN:48,(anonymous_5)
FN:49,(anonymous_6)
FNF:7
FNH:7
FNDA:35,(anonymous_0)
FNDA:2,(anonymous_1)
FNDA:5,(anonymous_2)
FNDA:5,(anonymous_3)
FNDA:4,(anonymous_4)
FNDA:5,(anonymous_5)
FNDA:4,(anonymous_6)
DA:4,1
DA:11,35
DA:21,2
DA:30,5
DA:40,5
DA:49,5
LF:6
LH:6
BRDA:12,0,0,7
BRDA:12,0,1,28
BRDA:11,1,0,35
BRDA:11,1,1,32
BRDA:21,2,0,2
BRDA:21,2,1,2
BRDA:31,3,0,2
BRDA:31,3,1,3
BRDA:30,4,0,5
BRDA:30,4,1,4
BRDA:40,5,0,3
BRDA:40,5,1,2
BRDA:49,6,0,3
BRDA:49,6,1,2
BRF:14
BRH:14
end_of_record
TN:
SF:D:\Workarea\tangle-frost\iota-core\src\helpers\trytesHelper.ts
FN:15,(anonymous_0)
FN:41,(anonymous_1)
FN:71,(anonymous_2)
FNF:3
FNH:3
FNDA:3,(anonymous_0)
FNDA:4,(anonymous_1)
FNDA:7,(anonymous_2)
DA:4,1
DA:8,1
DA:16,3
DA:18,3
DA:19,2
DA:20,6
DA:22,6
DA:23,1
DA:26,5
DA:27,5
DA:29,5
DA:33,2
DA:42,4
DA:44,4
DA:45,3
DA:46,1
DA:49,2
DA:50,1
DA:53,1
DA:54,5
DA:55,5
DA:57,5
DA:59,5
DA:63,2
DA:72,7
LF:25
LH:25
BRDA:18,0,0,2
BRDA:18,0,1,1
BRDA:22,1,0,1
BRDA:22,1,1,5
BRDA:44,2,0,3
BRDA:44,2,1,1
BRDA:45,3,0,1
BRDA:45,3,1,2
BRDA:49,4,0,1
BRDA:49,4,1,1
BRDA:72,5,0,7
BRDA:72,5,1,6
BRDA:72,5,2,5
BRF:13
BRH:13
end_of_record
