TN:
SF:D:\Workarea\tangle-frost\iota-core\src\index.ts
FNF:0
FNH:0
LF:0
LH:0
BRF:0
BRH:0
end_of_record
TN:
SF:D:\Workarea\tangle-frost\iota-core\src\factories\factoryBase.ts
FN:5,(anonymous_0)
FN:14,(anonymous_1)
FN:22,(anonymous_2)
FN:31,(anonymous_3)
FN:40,(anonymous_4)
FN:50,(anonymous_5)
FNF:6
FNH:6
FNDA:10,(anonymous_0)
FNDA:7,(anonymous_1)
FNDA:4,(anonymous_2)
FNDA:8,(anonymous_3)
FNDA:2,(anonymous_4)
FNDA:3,(anonymous_5)
DA:5,1
DA:7,10
DA:15,7
DA:23,4
DA:32,8
DA:41,2
DA:51,3
DA:52,3
DA:53,2
DA:55,1
LF:10
LH:10
BRDA:52,0,0,2
BRDA:52,0,1,1
BRF:2
BRH:2
end_of_record
TN:
SF:D:\Workarea\tangle-frost\iota-core\src\helpers\stringHelper.ts
FN:10,(anonymous_0)
FN:12,(anonymous_1)
FN:20,(anonymous_2)
FN:22,(anonymous_3)
FN:30,(anonymous_4)
FNF:5
FNH:5
FNDA:4,(anonymous_0)
FNDA:3,(anonymous_1)
FNDA:4,(anonymous_2)
FNDA:3,(anonymous_3)
FNDA:5,(anonymous_4)
DA:4,1
DA:11,4
DA:12,3
DA:21,4
DA:22,3
DA:31,5
LF:6
LH:6
BRDA:12,0,0,2
BRDA:12,0,1,2
BRDA:11,1,0,4
BRDA:11,1,1,3
BRDA:22,2,0,2
BRDA:22,2,1,2
BRDA:21,3,0,4
BRDA:21,3,1,3
BRDA:31,4,0,5
BRDA:31,4,1,4
BRDA:31,4,2,3
BRF:11
BRH:11
end_of_record
TN:
SF:D:\Workarea\tangle-frost\iota-core\src\helpers\trytesHelper.ts
FN:15,(anonymous_0)
FN:41,(anonymous_1)
FN:71,(anonymous_2)
FNF:3
FNH:3
FNDA:3,(anonymous_0)
FNDA:4,(anonymous_1)
FNDA:7,(anonymous_2)
DA:4,1
DA:8,1
DA:16,3
DA:18,3
DA:19,2
DA:20,6
DA:22,6
DA:23,1
DA:26,5
DA:27,5
DA:29,5
DA:33,2
DA:42,4
DA:44,4
DA:45,3
DA:46,1
DA:49,2
DA:50,1
DA:53,1
DA:54,5
DA:55,5
DA:57,5
DA:59,5
DA:63,2
DA:72,7
LF:25
LH:25
BRDA:18,0,0,2
BRDA:18,0,1,1
BRDA:22,1,0,1
BRDA:22,1,1,5
BRDA:44,2,0,3
BRDA:44,2,1,1
BRDA:45,3,0,1
BRDA:45,3,1,2
BRDA:49,4,0,1
BRDA:49,4,1,1
BRDA:72,5,0,7
BRDA:72,5,1,6
BRDA:72,5,2,5
BRF:13
BRH:13
end_of_record
